<?xml version="1.0" encoding="UTF-8" standalone="yes"?>
<ns2:test-suite start="1488155821687" stop="1488155822460" version="1.4.24.RC2" xmlns:ns2="urn:model.allure.qatools.yandex.ru">
    <name>Custom suite : conman-acceptance-tests</name>
    <title>Custom suite : conman-acceptance-tests</title>
    <test-cases>
        <test-case start="1488155821758" stop="1488155822453" status="broken">
            <name>create</name>
            <description type="text">Check if possible to create one stream with correct data</description>
            <failure>
                <message>NoClassDefFoundError: com/fasterxml/jackson/annotation/JsonIgnoreProperties$Value</message>
                <stack-trace>java.lang.NoClassDefFoundError: com/fasterxml/jackson/annotation/JsonIgnoreProperties$Value
	at com.fasterxml.jackson.databind.cfg.MapperConfigBase.getDefaultPropertyIgnorals(MapperConfigBase.java:556)
	at com.fasterxml.jackson.databind.deser.BeanDeserializerFactory.addBeanProps(BeanDeserializerFactory.java:453)
	at com.fasterxml.jackson.databind.deser.BeanDeserializerFactory.buildBeanDeserializer(BeanDeserializerFactory.java:226)
	at com.fasterxml.jackson.databind.deser.BeanDeserializerFactory.createBeanDeserializer(BeanDeserializerFactory.java:141)
	at com.fasterxml.jackson.databind.deser.DeserializerCache._createDeserializer2(DeserializerCache.java:406)
	at com.fasterxml.jackson.databind.deser.DeserializerCache._createDeserializer(DeserializerCache.java:352)
	at com.fasterxml.jackson.databind.deser.DeserializerCache._createAndCache2(DeserializerCache.java:264)
	at com.fasterxml.jackson.databind.deser.DeserializerCache._createAndCacheValueDeserializer(DeserializerCache.java:244)
	at com.fasterxml.jackson.databind.deser.DeserializerCache.findValueDeserializer(DeserializerCache.java:142)
	at com.fasterxml.jackson.databind.DeserializationContext.findRootValueDeserializer(DeserializationContext.java:475)
	at com.fasterxml.jackson.databind.ObjectReader._prefetchRootDeserializer(ObjectReader.java:1898)
	at com.fasterxml.jackson.databind.ObjectReader.&lt;init&gt;(ObjectReader.java:185)
	at com.fasterxml.jackson.databind.ObjectMapper._newReader(ObjectMapper.java:641)
	at com.fasterxml.jackson.databind.ObjectMapper.readerFor(ObjectMapper.java:3347)
	at retrofit2.converter.jackson.JacksonConverterFactory.responseBodyConverter(JacksonConverterFactory.java:59)
	at retrofit2.Retrofit.nextResponseBodyConverter(Retrofit.java:328)
	at retrofit2.Retrofit.responseBodyConverter(Retrofit.java:311)
	at retrofit2.ServiceMethod$Builder.createResponseConverter(ServiceMethod.java:735)
	at retrofit2.ServiceMethod$Builder.build(ServiceMethod.java:168)
	at retrofit2.Retrofit.loadServiceMethod(Retrofit.java:169)
	at retrofit2.Retrofit$1.invoke(Retrofit.java:146)
	at com.sun.proxy.$Proxy7.create(Unknown Source)
	at tech.viacom.conman.tests.SingleStream.create(SingleStream.java:33)
	at sun.reflect.NativeMethodAccessorImpl.invoke0(Native Method)
	at sun.reflect.NativeMethodAccessorImpl.invoke(NativeMethodAccessorImpl.java:62)
	at sun.reflect.DelegatingMethodAccessorImpl.invoke(DelegatingMethodAccessorImpl.java:43)
	at java.lang.reflect.Method.invoke(Method.java:497)
	at org.testng.internal.MethodInvocationHelper.invokeMethod(MethodInvocationHelper.java:85)
	at org.testng.internal.Invoker.invokeMethod(Invoker.java:659)
	at org.testng.internal.Invoker.invokeTestMethod(Invoker.java:845)
	at org.testng.internal.Invoker.invokeTestMethods(Invoker.java:1153)
	at org.testng.internal.TestMethodWorker.invokeTestMethods(TestMethodWorker.java:125)
	at org.testng.internal.TestMethodWorker.run(TestMethodWorker.java:108)
	at org.testng.TestRunner.privateRun(TestRunner.java:771)
	at org.testng.TestRunner.run(TestRunner.java:621)
	at org.testng.SuiteRunner.runTest(SuiteRunner.java:357)
	at org.testng.SuiteRunner.runSequentially(SuiteRunner.java:352)
	at org.testng.SuiteRunner.privateRun(SuiteRunner.java:310)
	at org.testng.SuiteRunner.run(SuiteRunner.java:259)
	at org.testng.SuiteRunnerWorker.runSuite(SuiteRunnerWorker.java:52)
	at org.testng.SuiteRunnerWorker.run(SuiteRunnerWorker.java:86)
	at org.testng.TestNG.runSuitesSequentially(TestNG.java:1199)
	at org.testng.TestNG.runSuitesLocally(TestNG.java:1124)
	at org.testng.TestNG.run(TestNG.java:1032)
	at org.testng.remote.RemoteTestNG.run(RemoteTestNG.java:111)
	at org.testng.remote.RemoteTestNG.initAndRun(RemoteTestNG.java:204)
	at org.testng.remote.RemoteTestNG.main(RemoteTestNG.java:175)
	at org.testng.RemoteTestNGStarter.main(RemoteTestNGStarter.java:125)
	at sun.reflect.NativeMethodAccessorImpl.invoke0(Native Method)
	at sun.reflect.NativeMethodAccessorImpl.invoke(NativeMethodAccessorImpl.java:62)
	at sun.reflect.DelegatingMethodAccessorImpl.invoke(DelegatingMethodAccessorImpl.java:43)
	at java.lang.reflect.Method.invoke(Method.java:497)
	at com.intellij.rt.execution.application.AppMain.main(AppMain.java:140)
Caused by: java.lang.ClassNotFoundException: com.fasterxml.jackson.annotation.JsonIgnoreProperties$Value
	at java.net.URLClassLoader.findClass(URLClassLoader.java:381)
	at java.lang.ClassLoader.loadClass(ClassLoader.java:424)
	at sun.misc.Launcher$AppClassLoader.loadClass(Launcher.java:331)
	at java.lang.ClassLoader.loadClass(ClassLoader.java:357)
	... 53 more
</stack-trace>
            </failure>
            <steps/>
            <attachments/>
            <labels>
                <label name="host" value="Kirills-MacBook-Pro-2.local"/>
                <label name="thread" value="38795@Kirills-MacBook-Pro-2.local.main(1)"/>
            </labels>
        </test-case>
    </test-cases>
    <labels>
        <label name="framework" value="TestNG"/>
        <label name="language" value="JAVA"/>
    </labels>
</ns2:test-suite>
